-------------------------------------------------------------------------------
Test set: com.terpel.poc.wsterpeleds.IntegrationUnitTest
-------------------------------------------------------------------------------
Tests run: 3, Failures: 0, Errors: 2, Skipped: 1, Time elapsed: 8.661 sec <<< FAILURE! - in com.terpel.poc.wsterpeleds.IntegrationUnitTest
failedRequestTransformationTest(com.terpel.poc.wsterpeleds.IntegrationUnitTest)  Time elapsed: 0.514 sec  <<< ERROR!
org.apache.camel.RuntimeCamelException: org.apache.camel.FailedToCreateRouteException: Failed to create route wsterpeleds_rest_producer_eds at: >>> SetHeader[CamelVelocityResourceUri, simple{Simple: {{TEMPLATE_EDS}}}] <<< in route: Route(wsterpeleds_rest_producer_eds)[[From[direct:restProduc... because of Property with key [TEMPLATE_EDS] not found in properties from text: {{TEMPLATE_EDS}}
	at com.terpel.poc.wsterpeleds.IntegrationUnitTest.failedRequestTransformationTest(IntegrationUnitTest.java:89)
Caused by: org.apache.camel.FailedToCreateRouteException: Failed to create route wsterpeleds_rest_producer_eds at: >>> SetHeader[CamelVelocityResourceUri, simple{Simple: {{TEMPLATE_EDS}}}] <<< in route: Route(wsterpeleds_rest_producer_eds)[[From[direct:restProduc... because of Property with key [TEMPLATE_EDS] not found in properties from text: {{TEMPLATE_EDS}}
	at com.terpel.poc.wsterpeleds.IntegrationUnitTest.failedRequestTransformationTest(IntegrationUnitTest.java:89)
Caused by: java.lang.IllegalArgumentException: Property with key [TEMPLATE_EDS] not found in properties from text: {{TEMPLATE_EDS}}
	at com.terpel.poc.wsterpeleds.IntegrationUnitTest.failedRequestTransformationTest(IntegrationUnitTest.java:89)

successRequestTransformationTest(com.terpel.poc.wsterpeleds.IntegrationUnitTest)  Time elapsed: 0.175 sec  <<< ERROR!
org.apache.camel.RuntimeCamelException: org.apache.camel.FailedToCreateRouteException: Failed to create route wsterpeleds_rest_producer_eds at: >>> SetHeader[CamelVelocityResourceUri, simple{Simple: {{TEMPLATE_EDS}}}] <<< in route: Route(wsterpeleds_rest_producer_eds)[[From[direct:restProduc... because of Property with key [TEMPLATE_EDS] not found in properties from text: {{TEMPLATE_EDS}}
	at com.terpel.poc.wsterpeleds.IntegrationUnitTest.successRequestTransformationTest(IntegrationUnitTest.java:73)
Caused by: org.apache.camel.FailedToCreateRouteException: Failed to create route wsterpeleds_rest_producer_eds at: >>> SetHeader[CamelVelocityResourceUri, simple{Simple: {{TEMPLATE_EDS}}}] <<< in route: Route(wsterpeleds_rest_producer_eds)[[From[direct:restProduc... because of Property with key [TEMPLATE_EDS] not found in properties from text: {{TEMPLATE_EDS}}
	at com.terpel.poc.wsterpeleds.IntegrationUnitTest.successRequestTransformationTest(IntegrationUnitTest.java:73)
Caused by: java.lang.IllegalArgumentException: Property with key [TEMPLATE_EDS] not found in properties from text: {{TEMPLATE_EDS}}
	at com.terpel.poc.wsterpeleds.IntegrationUnitTest.successRequestTransformationTest(IntegrationUnitTest.java:73)

