<?xml version="1.0" encoding="UTF-8"?>
<testsuite xmlns:xsi="http://www.w3.org/2001/XMLSchema-instance" xsi:schemaLocation="https://maven.apache.org/surefire/maven-surefire-plugin/xsd/surefire-test-report.xsd" name="com.terpel.poc.wsterpeleds.IntegrationUnitTest" time="1.39" tests="3" errors="0" skipped="3" failures="0">
  <properties>
[...]
</properties>
  <testcase name="failedRequestTransformationTest" classname="com.terpel.poc.wsterpeleds.IntegrationUnitTest" time="0">
    <skipped/>
    <system-out><![CDATA[#logback.classic pattern: %d [%-15.15t] %-5p %-10.10c{1} - %-10.10X{camel.exchangeId} - %-20.20X{camel.routeId} - %m%n
2020-07-16 19:36:15,939 [main           ] INFO  otstrapper -            -                      - Neither @ContextConfiguration nor @ContextHierarchy found for test class [com.terpel.poc.wsterpeleds.IntegrationUnitTest], using SpringBootContextLoader
2020-07-16 19:36:15,955 [main           ] INFO  textLoader -            -                      - Could not detect default resource locations for test class [com.terpel.poc.wsterpeleds.IntegrationUnitTest]: no resource found for suffixes {-context.xml, Context.groovy}.
2020-07-16 19:36:16,185 [main           ] INFO  otstrapper -            -                      - Loaded default TestExecutionListener class names from location [META-INF/spring.factories]: [org.springframework.test.context.web.ServletTestExecutionListener, org.springframework.test.context.support.DirtiesContextBeforeModesTestExecutionListener, org.springframework.test.context.support.DependencyInjectionTestExecutionListener, org.springframework.test.context.support.DirtiesContextTestExecutionListener, org.springframework.test.context.transaction.TransactionalTestExecutionListener, org.springframework.test.context.jdbc.SqlScriptsTestExecutionListener, org.springframework.boot.test.mock.mockito.MockitoTestExecutionListener, org.springframework.boot.test.mock.mockito.ResetMocksTestExecutionListener, org.springframework.boot.test.autoconfigure.restdocs.RestDocsTestExecutionListener, org.springframework.boot.test.autoconfigure.web.client.MockRestServiceServerResetTestExecutionListener, org.springframework.boot.test.autoconfigure.web.servlet.MockMvcPrintOnlyOnFailureTestExecutionListener, org.springframework.boot.test.autoconfigure.web.servlet.WebDriverTestExecutionListener]
2020-07-16 19:36:16,278 [main           ] INFO  otstrapper -            -                      - Using TestExecutionListeners: [org.springframework.test.context.web.ServletTestExecutionListener@692f203f, org.springframework.test.context.support.DirtiesContextBeforeModesTestExecutionListener@48f2bd5b, org.springframework.boot.test.mock.mockito.MockitoTestExecutionListener@7b2bbc3, org.springframework.boot.test.autoconfigure.SpringBootDependencyInjectionTestExecutionListener@a1153bc, org.springframework.test.context.support.DirtiesContextTestExecutionListener@1aafa419, org.springframework.test.context.transaction.TransactionalTestExecutionListener@47eaca72, org.springframework.test.context.jdbc.SqlScriptsTestExecutionListener@55141def, org.springframework.boot.test.mock.mockito.ResetMocksTestExecutionListener@55182842, org.springframework.boot.test.autoconfigure.restdocs.RestDocsTestExecutionListener@3270d194, org.springframework.boot.test.autoconfigure.web.client.MockRestServiceServerResetTestExecutionListener@235834f2, org.springframework.boot.test.autoconfigure.web.servlet.MockMvcPrintOnlyOnFailureTestExecutionListener@5656be13, org.springframework.boot.test.autoconfigure.web.servlet.WebDriverTestExecutionListener@4218d6a3]
]]></system-out>
  </testcase>
  <testcase name="successRequestTransformationTest" classname="com.terpel.poc.wsterpeleds.IntegrationUnitTest" time="0">
    <skipped/>
  </testcase>
  <testcase name="successdRequestEnrichTest" classname="com.terpel.poc.wsterpeleds.IntegrationUnitTest" time="0">
    <skipped/>
  </testcase>
</testsuite>